#
# There is insufficient memory for the Java Runtime Environment to continue.
# Native memory allocation (malloc) failed to allocate 332016 bytes for Chunk::new
# Possible reasons:
#   The system is out of physical RAM or swap space
#   In 32 bit mode, the process size limit was hit
# Possible solutions:
#   Reduce memory load on the system
#   Increase physical memory or swap space
#   Check if swap backing store is full
#   Use 64 bit Java on a 64 bit OS
#   Decrease Java heap size (-Xmx/-Xms)
#   Decrease number of Java threads
#   Decrease Java thread stack sizes (-Xss)
#   Set larger code cache with -XX:ReservedCodeCacheSize=
# This output file may be truncated or incomplete.
#
#  Out of Memory Error (allocation.cpp:390), pid=12736, tid=11668
#
# JRE version: Java(TM) SE Runtime Environment (8.0_65-b17) (build 1.8.0_65-b17)
# Java VM: Java HotSpot(TM) 64-Bit Server VM (25.65-b01 mixed mode windows-amd64 compressed oops)
# Failed to write core dump. Minidumps are not enabled by default on client versions of Windows
#

---------------  T H R E A D  ---------------

Current thread (0x0000000019dd2800):  JavaThread "C2 CompilerThread2" daemon [_thread_in_native, id=11668, stack(0x000000001a5a0000,0x000000001a6a0000)]

Stack: [0x000000001a5a0000,0x000000001a6a0000]
[error occurred during error reporting (printing stack bounds), id 0xc0000005]

Native frames: (J=compiled Java code, j=interpreted, Vv=VM code, C=native code)


Current CompileTask:
C2:   4394 1153       4       java.time.format.DateTimeFormatterBuilder$NumberPrinterParser::format (365 bytes)


---------------  P R O C E S S  ---------------

Java Threads: ( => current thread )
  0x000000001ac62800 JavaThread "Prism Font Disposer" daemon [_thread_blocked, id=6484, stack(0x0000000024fe0000,0x00000000250e0000)]
  0x000000001ab38000 JavaThread "Thread-3" daemon [_thread_in_native, id=11284, stack(0x000000001d750000,0x000000001d850000)]
  0x000000001ab3a000 JavaThread "JavaFX-Launcher" [_thread_blocked, id=11124, stack(0x000000001d850000,0x000000001d950000)]
  0x000000001a9fc800 JavaThread "JavaFX Application Thread" [_thread_in_native, id=8296, stack(0x000000001b530000,0x000000001b630000)]
  0x000000001a9f9800 JavaThread "Thread-1" daemon [_thread_blocked, id=6464, stack(0x000000001b430000,0x000000001b530000)]
  0x000000001a9da000 JavaThread "QuantumRenderer-0" daemon [_thread_in_Java, id=7152, stack(0x000000001b1a0000,0x000000001b2a0000)]
  0x0000000019e61800 JavaThread "Service Thread" daemon [_thread_blocked, id=5324, stack(0x000000001a7a0000,0x000000001a8a0000)]
  0x0000000019ddc000 JavaThread "C1 CompilerThread3" daemon [_thread_in_native, id=952, stack(0x000000001a6a0000,0x000000001a7a0000)]
=>0x0000000019dd2800 JavaThread "C2 CompilerThread2" daemon [_thread_in_native, id=11668, stack(0x000000001a5a0000,0x000000001a6a0000)]
  0x0000000019dd0800 JavaThread "C2 CompilerThread1" daemon [_thread_in_native, id=13104, stack(0x000000001a4a0000,0x000000001a5a0000)]
  0x0000000019dc6000 JavaThread "C2 CompilerThread0" daemon [_thread_blocked, id=8400, stack(0x000000001a3a0000,0x000000001a4a0000)]
  0x0000000019dc5000 JavaThread "Attach Listener" daemon [_thread_blocked, id=1940, stack(0x000000001a2a0000,0x000000001a3a0000)]
  0x0000000019dc4000 JavaThread "Signal Dispatcher" daemon [_thread_blocked, id=8596, stack(0x000000001a1a0000,0x000000001a2a0000)]
  0x0000000002d99000 JavaThread "Finalizer" daemon [_thread_blocked, id=8620, stack(0x0000000019b60000,0x0000000019c60000)]
  0x0000000017c7d800 JavaThread "Reference Handler" daemon [_thread_blocked, id=3136, stack(0x0000000019a60000,0x0000000019b60000)]
  0x0000000002ca1000 JavaThread "main" [_thread_blocked, id=9444, stack(0x0000000002ba0000,0x0000000002ca0000)]

Other Threads:
  0x0000000017c78800 VMThread [stack: 0x0000000019960000,0x0000000019a60000] [id=7284]
  0x0000000019e94000 WatcherThread [stack: 0x000000001a8a0000,0x000000001a9a0000] [id=3348]

VM state:not at safepoint (normal execution)

VM Mutex/Monitor currently owned by a thread: None

Heap:
 PSYoungGen      total 37888K, used 32740K [0x00000000d6380000, 0x00000000d8d80000, 0x0000000100000000)
  eden space 32768K, 99% used [0x00000000d6380000,0x00000000d8379168,0x00000000d8380000)
  from space 5120K, 0% used [0x00000000d8880000,0x00000000d8880000,0x00000000d8d80000)
  to   space 5120K, 0% used [0x00000000d8380000,0x00000000d8380000,0x00000000d8880000)
 ParOldGen       total 61952K, used 3473K [0x0000000082a00000, 0x0000000086680000, 0x00000000d6380000)
  object space 61952K, 5% used [0x0000000082a00000,0x0000000082d646f8,0x0000000086680000)
 Metaspace       used 13443K, capacity 14098K, committed 14336K, reserved 1062912K
  class space    used 1836K, capacity 2001K, committed 2048K, reserved 1048576K

Card table byte_map: [0x0000000012160000,0x0000000012550000] byte_map_base: 0x0000000011d4b000

Marking Bits: (ParMarkBitMap*) 0x000000005d2ca5b0
 Begin Bits: [0x0000000012ff0000, 0x0000000014f48000)
 End Bits:   [0x0000000014f48000, 0x0000000016ea0000)

Polling page: 0x0000000001340000

CodeCache: size=245760Kb used=3916Kb max_used=3923Kb free=241843Kb
 bounds [0x0000000002da0000, 0x0000000003180000, 0x0000000011da0000]
 total_blobs=1691 nmethods=1149 adapters=452
 compilation: enabled

Compilation events (10 events):
Event: 4.381 Thread 0x0000000019dc6000 1183       4       com.sun.prism.d3d.D3DPipeline::getScreenForAdapter (43 bytes)
Event: 4.381 Thread 0x0000000019ddc000 nmethod 1181 0x0000000003169310 code [0x0000000003169460, 0x00000000031695b0]
Event: 4.381 Thread 0x0000000019ddc000 1182       2       java.util.concurrent.locks.AbstractOwnableSynchronizer::<init> (5 bytes)
Event: 4.381 Thread 0x0000000019ddc000 nmethod 1182 0x0000000003167190 code [0x00000000031672e0, 0x0000000003167430]
Event: 4.384 Thread 0x0000000019ddc000 1193       2       java.util.TimSort::sort (229 bytes)
Event: 4.384 Thread 0x0000000019ddc000 nmethod 1193 0x0000000003168490 code [0x0000000003168660, 0x0000000003168b18]
Event: 4.384 Thread 0x0000000019ddc000 1191       2       java.util.Arrays::sort (47 bytes)
Event: 4.384 Thread 0x0000000019ddc000 nmethod 1191 0x00000000031664d0 code [0x0000000003166660, 0x00000000031668d8]
Event: 4.384 Thread 0x0000000019ddc000 1192       2       java.util.Arrays$LegacyMergeSort::access$000 (4 bytes)
Event: 4.384 Thread 0x0000000019ddc000 nmethod 1192 0x0000000003166190 code [0x00000000031662e0, 0x0000000003166410]

GC Heap History (8 events):
Event: 0.247 GC heap before
{Heap before GC invocations=1 (full 0):
 PSYoungGen      total 37888K, used 10651K [0x00000000d6380000, 0x00000000d8d80000, 0x0000000100000000)
  eden space 32768K, 32% used [0x00000000d6380000,0x00000000d6de6c18,0x00000000d8380000)
  from space 5120K, 0% used [0x00000000d8880000,0x00000000d8880000,0x00000000d8d80000)
  to   space 5120K, 0% used [0x00000000d8380000,0x00000000d8380000,0x00000000d8880000)
 ParOldGen       total 86016K, used 0K [0x0000000082a00000, 0x0000000087e00000, 0x00000000d6380000)
  object space 86016K, 0% used [0x0000000082a00000,0x0000000082a00000,0x0000000087e00000)
 Metaspace       used 6217K, capacity 6880K, committed 7040K, reserved 1056768K
  class space    used 772K, capacity 871K, committed 896K, reserved 1048576K
Event: 0.248 GC heap after
Heap after GC invocations=1 (full 0):
 PSYoungGen      total 37888K, used 1040K [0x00000000d6380000, 0x00000000d8d80000, 0x0000000100000000)
  eden space 32768K, 0% used [0x00000000d6380000,0x00000000d6380000,0x00000000d8380000)
  from space 5120K, 20% used [0x00000000d8380000,0x00000000d8484010,0x00000000d8880000)
  to   space 5120K, 0% used [0x00000000d8880000,0x00000000d8880000,0x00000000d8d80000)
 ParOldGen       total 86016K, used 8K [0x0000000082a00000, 0x0000000087e00000, 0x00000000d6380000)
  object space 86016K, 0% used [0x0000000082a00000,0x0000000082a02000,0x0000000087e00000)
 Metaspace       used 6217K, capacity 6880K, committed 7040K, reserved 1056768K
  class space    used 772K, capacity 871K, committed 896K, reserved 1048576K
}
Event: 0.248 GC heap before
{Heap before GC invocations=2 (full 1):
 PSYoungGen      total 37888K, used 1040K [0x00000000d6380000, 0x00000000d8d80000, 0x0000000100000000)
  eden space 32768K, 0% used [0x00000000d6380000,0x00000000d6380000,0x00000000d8380000)
  from space 5120K, 20% used [0x00000000d8380000,0x00000000d8484010,0x00000000d8880000)
  to   space 5120K, 0% used [0x00000000d8880000,0x00000000d8880000,0x00000000d8d80000)
 ParOldGen       total 86016K, used 8K [0x0000000082a00000, 0x0000000087e00000, 0x00000000d6380000)
  object space 86016K, 0% used [0x0000000082a00000,0x0000000082a02000,0x0000000087e00000)
 Metaspace       used 6217K, capacity 6880K, committed 7040K, reserved 1056768K
  class space    used 772K, capacity 871K, committed 896K, reserved 1048576K
Event: 0.255 GC heap after
Heap after GC invocations=2 (full 1):
 PSYoungGen      total 37888K, used 0K [0x00000000d6380000, 0x00000000d8d80000, 0x0000000100000000)
  eden space 32768K, 0% used [0x00000000d6380000,0x00000000d6380000,0x00000000d8380000)
  from space 5120K, 0% used [0x00000000d8380000,0x00000000d8380000,0x00000000d8880000)
  to   space 5120K, 0% used [0x00000000d8880000,0x00000000d8880000,0x00000000d8d80000)
 ParOldGen       total 61952K, used 866K [0x0000000082a00000, 0x0000000086680000, 0x00000000d6380000)
  object space 61952K, 1% used [0x0000000082a00000,0x0000000082ad8b48,0x0000000086680000)
 Metaspace       used 6217K, capacity 6880K, committed 7040K, reserved 1056768K
  class space    used 772K, capacity 871K, committed 896K, reserved 1048576K
}
Event: 1.098 GC heap before
{Heap before GC invocations=3 (full 1):
 PSYoungGen      total 37888K, used 17279K [0x00000000d6380000, 0x00000000d8d80000, 0x0000000100000000)
  eden space 32768K, 52% used [0x00000000d6380000,0x00000000d745ff40,0x00000000d8380000)
  from space 5120K, 0% used [0x00000000d8380000,0x00000000d8380000,0x00000000d8880000)
  to   space 5120K, 0% used [0x00000000d8880000,0x00000000d8880000,0x00000000d8d80000)
 ParOldGen       total 61952K, used 866K [0x0000000082a00000, 0x0000000086680000, 0x00000000d6380000)
  object space 61952K, 1% used [0x0000000082a00000,0x0000000082ad8b48,0x0000000086680000)
 Metaspace       used 13112K, capacity 13740K, committed 13824K, reserved 1064960K
  class space    used 1822K, capacity 1998K, committed 2048K, reserved 1048576K
Event: 1.101 GC heap after
Heap after GC invocations=3 (full 1):
 PSYoungGen      total 37888K, used 2802K [0x00000000d6380000, 0x00000000d8d80000, 0x0000000100000000)
  eden space 32768K, 0% used [0x00000000d6380000,0x00000000d6380000,0x00000000d8380000)
  from space 5120K, 54% used [0x00000000d8880000,0x00000000d8b3ca80,0x00000000d8d80000)
  to   space 5120K, 0% used [0x00000000d8380000,0x00000000d8380000,0x00000000d8880000)
 ParOldGen       total 61952K, used 874K [0x0000000082a00000, 0x0000000086680000, 0x00000000d6380000)
  object space 61952K, 1% used [0x0000000082a00000,0x0000000082adab48,0x0000000086680000)
 Metaspace       used 13112K, capacity 13740K, committed 13824K, reserved 1064960K
  class space    used 1822K, capacity 1998K, committed 2048K, reserved 1048576K
}
Event: 1.101 GC heap before
{Heap before GC invocations=4 (full 2):
 PSYoungGen      total 37888K, used 2802K [0x00000000d6380000, 0x00000000d8d80000, 0x0000000100000000)
  eden space 32768K, 0% used [0x00000000d6380000,0x00000000d6380000,0x00000000d8380000)
  from space 5120K, 54% used [0x00000000d8880000,0x00000000d8b3ca80,0x00000000d8d80000)
  to   space 5120K, 0% used [0x00000000d8380000,0x00000000d8380000,0x00000000d8880000)
 ParOldGen       total 61952K, used 874K [0x0000000082a00000, 0x0000000086680000, 0x00000000d6380000)
  object space 61952K, 1% used [0x0000000082a00000,0x0000000082adab48,0x0000000086680000)
 Metaspace       used 13112K, capacity 13740K, committed 13824K, reserved 1064960K
  class space    used 1822K, capacity 1998K, committed 2048K, reserved 1048576K
Event: 1.117 GC heap after
Heap after GC invocations=4 (full 2):
 PSYoungGen      total 37888K, used 0K [0x00000000d6380000, 0x00000000d8d80000, 0x0000000100000000)
  eden space 32768K, 0% used [0x00000000d6380000,0x00000000d6380000,0x00000000d8380000)
  from space 5120K, 0% used [0x00000000d8880000,0x00000000d8880000,0x00000000d8d80000)
  to   space 5120K, 0% used [0x00000000d8380000,0x00000000d8380000,0x00000000d8880000)
 ParOldGen       total 61952K, used 3473K [0x0000000082a00000, 0x0000000086680000, 0x00000000d6380000)
  object space 61952K, 5% used [0x0000000082a00000,0x0000000082d646f8,0x0000000086680000)
 Metaspace       used 13112K, capacity 13740K, committed 13824K, reserved 1062912K
  class space    used 1822K, capacity 1998K, committed 2048K, reserved 1048576K
}

Deoptimization events (10 events):
Event: 0.457 Thread 0x000000001a9fc800 Uncommon trap: reason=class_check action=maybe_recompile pc=0x0000000002fd66e0 method=java.io.DataInputStream.readShort()S @ 4
Event: 0.457 Thread 0x000000001a9fc800 Uncommon trap: reason=class_check action=maybe_recompile pc=0x0000000002fd66e0 method=java.io.DataInputStream.readShort()S @ 4
Event: 0.461 Thread 0x000000001a9fc800 Uncommon trap: reason=class_check action=maybe_recompile pc=0x0000000002ebb2f0 method=java.lang.String.equals(Ljava/lang/Object;)Z @ 8
Event: 0.461 Thread 0x000000001a9fc800 Uncommon trap: reason=class_check action=maybe_recompile pc=0x0000000002ebb2f0 method=java.lang.String.equals(Ljava/lang/Object;)Z @ 8
Event: 0.461 Thread 0x000000001a9fc800 Uncommon trap: reason=class_check action=maybe_recompile pc=0x0000000002ebb2f0 method=java.lang.String.equals(Ljava/lang/Object;)Z @ 8
Event: 0.462 Thread 0x000000001a9fc800 Uncommon trap: reason=class_check action=maybe_recompile pc=0x0000000002ebb2f0 method=java.lang.String.equals(Ljava/lang/Object;)Z @ 8
Event: 0.482 Thread 0x000000001a9fc800 Uncommon trap: reason=unstable_if action=reinterpret pc=0x00000000030b05ac method=java.lang.String.regionMatches(ZILjava/lang/String;II)Z @ 123
Event: 1.039 Thread 0x000000001a9fc800 Uncommon trap: reason=unstable_if action=reinterpret pc=0x00000000030b52d0 method=sun.misc.URLClassPath$JarLoader.ensureOpen()V @ 4
Event: 1.049 Thread 0x000000001a9fc800 Uncommon trap: reason=unstable_if action=reinterpret pc=0x0000000002f54fcc method=java.lang.String.startsWith(Ljava/lang/String;I)Z @ 25
Event: 1.068 Thread 0x000000001a9fc800 Uncommon trap: reason=unstable_if action=reinterpret pc=0x000000000311de28 method=jdk.internal.org.objectweb.asm.Type.getArgumentsAndReturnSizes(Ljava/lang/String;)I @ 47

Internal exceptions (10 events):
Event: 0.107 Thread 0x0000000002ca1000 Exception <a 'java/security/PrivilegedActionException'> (0x00000000d66d6320) thrown at [C:\workspace\8-2-build-windows-amd64-cygwin\jdk8u65\4987\hotspot\src\share\vm\prims\jvm.cpp, line 1386]
Event: 0.107 Thread 0x0000000002ca1000 Exception <a 'java/security/PrivilegedActionException'> (0x00000000d66da168) thrown at [C:\workspace\8-2-build-windows-amd64-cygwin\jdk8u65\4987\hotspot\src\share\vm\prims\jvm.cpp, line 1386]
Event: 0.107 Thread 0x0000000002ca1000 Exception <a 'java/security/PrivilegedActionException'> (0x00000000d66da378) thrown at [C:\workspace\8-2-build-windows-amd64-cygwin\jdk8u65\4987\hotspot\src\share\vm\prims\jvm.cpp, line 1386]
Event: 0.107 Thread 0x0000000002ca1000 Exception <a 'java/lang/NullPointerException'> (0x00000000d66da950) thrown at [C:\workspace\8-2-build-windows-amd64-cygwin\jdk8u65\4987\hotspot\src\share\vm\interpreter\linkResolver.cpp, line 1178]
Event: 0.282 Thread 0x000000001a9fc800 Exception <a 'java/lang/NullPointerException'> (0x00000000d65ca6d0) thrown at [C:\workspace\8-2-build-windows-amd64-cygwin\jdk8u65\4987\hotspot\src\share\vm\interpreter\linkResolver.cpp, line 1178]
Event: 0.282 Thread 0x000000001a9fc800 Exception <a 'java/lang/NullPointerException'> (0x00000000d65ca6d0) thrown at [C:\workspace\8-2-build-windows-amd64-cygwin\jdk8u65\4987\hotspot\src\share\vm\prims\jvm.cpp, line 1390]
Event: 0.368 Thread 0x000000001a9fc800 Implicit null exception at 0x0000000002fe04b5 to 0x0000000002fe0685
Event: 0.693 Thread 0x000000001a9fc800 Exception <a 'java/lang/NullPointerException'> (0x00000000d6fdc3e0) thrown at [C:\workspace\8-2-build-windows-amd64-cygwin\jdk8u65\4987\hotspot\src\share\vm\interpreter\linkResolver.cpp, line 1178]
Event: 0.731 Thread 0x000000001a9fc800 Exception <a 'java/lang/NullPointerException'> (0x00000000d7051e90) thrown at [C:\workspace\8-2-build-windows-amd64-cygwin\jdk8u65\4987\hotspot\src\share\vm\interpreter\linkResolver.cpp, line 1178]
Event: 1.039 Thread 0x000000001a9fc800 Implicit null exception at 0x00000000030b421a to 0x00000000030b52a9

Events (10 events):
Event: 4.360 Thread 0x0000000019ddc000 flushing nmethod 0x0000000002ec5310
Event: 4.360 Thread 0x0000000019ddc000 flushing nmethod 0x0000000002ec5ed0
Event: 4.360 Thread 0x0000000019ddc000 flushing nmethod 0x0000000002ec69d0
Event: 4.360 Thread 0x0000000019ddc000 flushing nmethod 0x0000000002ec8ed0
Event: 4.360 Thread 0x0000000019ddc000 flushing nmethod 0x0000000002ee0450
Event: 4.360 Thread 0x0000000019ddc000 flushing nmethod 0x0000000002f24090
Event: 4.361 loading class java/lang/ref/ReferenceQueue$1
Event: 4.361 loading class java/lang/ref/ReferenceQueue$1 done
Event: 4.365 loading class java/util/WeakHashMap$1
Event: 4.365 loading class java/util/WeakHashMap$1 done


Dynamic libraries:
0x00007ff6543d0000 - 0x00007ff654407000 	C:\Program Files\Java\jdk1.8.0_65\bin\java.exe
0x00007ffe60730000 - 0x00007ffe60944000 	C:\WINDOWS\SYSTEM32\ntdll.dll
0x00007ffe5fce0000 - 0x00007ffe5fda3000 	C:\WINDOWS\System32\KERNEL32.DLL
0x00007ffe5dfe0000 - 0x00007ffe5e37c000 	C:\WINDOWS\System32\KERNELBASE.dll
0x00007ffe5f520000 - 0x00007ffe5f5ce000 	C:\WINDOWS\System32\ADVAPI32.dll
0x00007ffe60350000 - 0x00007ffe603f7000 	C:\WINDOWS\System32\msvcrt.dll
0x00007ffe60290000 - 0x00007ffe60334000 	C:\WINDOWS\System32\sechost.dll
0x00007ffe60170000 - 0x00007ffe60285000 	C:\WINDOWS\System32\RPCRT4.dll
0x00007ffe60540000 - 0x00007ffe606ed000 	C:\WINDOWS\System32\USER32.dll
0x00007ffe5dfb0000 - 0x00007ffe5dfd6000 	C:\WINDOWS\System32\win32u.dll
0x00007ffe5ff90000 - 0x00007ffe5ffb9000 	C:\WINDOWS\System32\GDI32.dll
0x00007ffe5de90000 - 0x00007ffe5dfa3000 	C:\WINDOWS\System32\gdi32full.dll
0x00007ffe5e4a0000 - 0x00007ffe5e53a000 	C:\WINDOWS\System32\msvcp_win.dll
0x00007ffe5e380000 - 0x00007ffe5e491000 	C:\WINDOWS\System32\ucrtbase.dll
0x00007ffe3e530000 - 0x00007ffe3e7be000 	C:\WINDOWS\WinSxS\amd64_microsoft.windows.common-controls_6595b64144ccf1df_6.0.22621.608_none_a9444ca7c10bb01d\COMCTL32.dll
0x00007ffe600c0000 - 0x00007ffe600f1000 	C:\WINDOWS\System32\IMM32.DLL
0x000000005c9e0000 - 0x000000005cab2000 	C:\Program Files\Java\jdk1.8.0_65\jre\bin\msvcr100.dll
0x000000005cac0000 - 0x000000005d349000 	C:\Program Files\Java\jdk1.8.0_65\jre\bin\server\jvm.dll
0x00007ffe60100000 - 0x00007ffe60108000 	C:\WINDOWS\System32\PSAPI.DLL
0x00007ffe52b70000 - 0x00007ffe52b79000 	C:\WINDOWS\SYSTEM32\WSOCK32.dll
0x00007ffe54920000 - 0x00007ffe54954000 	C:\WINDOWS\SYSTEM32\WINMM.dll
0x00007ffe47080000 - 0x00007ffe4708a000 	C:\WINDOWS\SYSTEM32\VERSION.dll
0x00007ffe5fdb0000 - 0x00007ffe5fe21000 	C:\WINDOWS\System32\WS2_32.dll
0x000000005d3f0000 - 0x000000005d3ff000 	C:\Program Files\Java\jdk1.8.0_65\jre\bin\verify.dll
0x000000005c970000 - 0x000000005c999000 	C:\Program Files\Java\jdk1.8.0_65\jre\bin\java.dll
0x000000005d3d0000 - 0x000000005d3e6000 	C:\Program Files\Java\jdk1.8.0_65\jre\bin\zip.dll
0x00007ffe5e540000 - 0x00007ffe5ed30000 	C:\WINDOWS\System32\SHELL32.dll
0x00007ffe5bb80000 - 0x00007ffe5c44e000 	C:\WINDOWS\SYSTEM32\windows.storage.dll
0x00007ffe5f170000 - 0x00007ffe5f4f9000 	C:\WINDOWS\System32\combase.dll
0x00007ffe5ba40000 - 0x00007ffe5bb7e000 	C:\WINDOWS\SYSTEM32\wintypes.dll
0x00007ffe5ffc0000 - 0x00007ffe600b1000 	C:\WINDOWS\System32\SHCORE.dll
0x00007ffe60110000 - 0x00007ffe6016e000 	C:\WINDOWS\System32\shlwapi.dll
0x00007ffe5daa0000 - 0x00007ffe5dac1000 	C:\WINDOWS\SYSTEM32\profapi.dll
0x00007ffe30000000 - 0x00007ffe300ef000 	C:\Program Files\Java\jdk1.8.0_65\jre\bin\msvcr120.dll
0x00007ffe30830000 - 0x00007ffe308d6000 	C:\Program Files\Java\jdk1.8.0_65\jre\bin\msvcp120.dll
0x000000005c640000 - 0x000000005c663000 	C:\Program Files\Java\jdk1.8.0_65\jre\bin\prism_d3d.dll
0x00007ffe0de10000 - 0x00007ffe0dfb9000 	C:\WINDOWS\system32\d3d9.dll
0x00007ffe5a4a0000 - 0x00007ffe5a4cb000 	C:\WINDOWS\SYSTEM32\dwmapi.dll
0x00007ffe5a7f0000 - 0x00007ffe5a826000 	C:\WINDOWS\SYSTEM32\dxcore.dll
0x00007ffe55830000 - 0x00007ffe558db000 	C:\WINDOWS\system32\uxtheme.dll
0x00007ffe0dca0000 - 0x00007ffe0de0c000 	C:\Windows\System32\DriverStore\FileRepository\iigd_dch.inf_amd64_5802b1615520e41c\igdumdim64.dll
0x00007ffe5ef40000 - 0x00007ffe5f0dc000 	C:\WINDOWS\System32\ole32.dll
0x00007ffe4de40000 - 0x00007ffe4e207000 	C:\Windows\System32\DriverStore\FileRepository\iigd_dch.inf_amd64_5802b1615520e41c\igdgmm64.dll
0x00007ffe523d0000 - 0x00007ffe52419000 	C:\WINDOWS\SYSTEM32\directxdatabasehelper.dll
0x00007ffe5cbc0000 - 0x00007ffe5cbd8000 	C:\WINDOWS\SYSTEM32\kernel.appcore.dll
0x000000005c5f0000 - 0x000000005c633000 	C:\Program Files\Java\jdk1.8.0_65\jre\bin\glass.dll
0x00007ffe5fbe0000 - 0x00007ffe5fcd7000 	C:\WINDOWS\System32\COMDLG32.dll
0x00007ffe5fe30000 - 0x00007ffe5ff07000 	C:\WINDOWS\System32\OLEAUT32.dll
0x00007ffe60400000 - 0x00007ffe6051e000 	C:\WINDOWS\System32\MSCTF.dll
0x00007ffe5db70000 - 0x00007ffe5dbeb000 	C:\WINDOWS\System32\bcryptPrimitives.dll
0x000000005c5d0000 - 0x000000005c5e4000 	C:\Program Files\Java\jdk1.8.0_65\jre\bin\javafx_font.dll
0x00007ffe5af40000 - 0x00007ffe5b1a7000 	C:\WINDOWS\SYSTEM32\dwrite.dll
0x00007ffe5f640000 - 0x00007ffe5f6f0000 	C:\WINDOWS\System32\clbcatq.dll
0x00007ffe52ef0000 - 0x00007ffe530a0000 	C:\WINDOWS\SYSTEM32\WindowsCodecs.dll
0x00007ffe32c90000 - 0x00007ffe32cee000 	C:\WINDOWS\system32\dataexchange.dll
0x00007ffe50d60000 - 0x00007ffe50fca000 	C:\WINDOWS\system32\twinapi.appcore.dll
0x00007ffe48950000 - 0x00007ffe48982000 	C:\Program Files\Common Files\Microsoft Shared\Ink\rtscom.dll
0x00007ffe497b0000 - 0x00007ffe498de000 	C:\WINDOWS\SYSTEM32\textinputframework.dll
0x00007ffe53af0000 - 0x00007ffe53c23000 	C:\WINDOWS\SYSTEM32\CoreMessaging.dll
0x00007ffe51a50000 - 0x00007ffe51dbc000 	C:\WINDOWS\SYSTEM32\CoreUIComponents.dll
0x00007ffe5d290000 - 0x00007ffe5d29c000 	C:\WINDOWS\SYSTEM32\CRYPTBASE.DLL

VM Arguments:
jvm_args: -Dfile.encoding=UTF-8 
java_command: versuch1.RunClass
java_class_path (initial): C:\oraclexe\app\oracle\product\11.2.0\server\jdbc\lib\ojdbc6.jar;C:\Users\CC-Student\Desktop\Meine Datenbank - SQL-Code -Befahle\SS\build\classes
Launcher Type: SUN_STANDARD

Environment Variables:
PATH=C:\oraclexe\app\oracle\product\11.2.0\server\bin;;C:\oraclexe\app\oracle\product\11.2.0\server\bin;C:\Program Files (x86)\Common Files\Oracle\Java\javapath;C:\ProgramData\Oracle\Java\javapath;C:\WINDOWS\system32;C:\WINDOWS;C:\WINDOWS\System32\Wbem;C:\WINDOWS\System32\WindowsPowerShell\v1.0\;C:\WINDOWS\System32\OpenSSH\;C:\Program Files\dotnet\;C:\Program Files\Microsoft SQL Server\150\Tools\Binn\;C:\Program Files\Git\cmd;C:\Program Files\Java\jdk1.8.0_65\bin;C:\WINDOWS\system32;C:\WINDOWS;C:\WINDOWS\System32\Wbem;C:\WINDOWS\System32\WindowsPowerShell\v1.0\;C:\WINDOWS\System32\OpenSSH\;C:\Program Files\IIS\maven\bin;C:\Users\CC-Student\AppData\Local\Microsoft\WindowsApps;C:\Users\CC-Student\AppData\Local\GitHubDesktop\bin;C:\Program Files\JetBrains\IntelliJ IDEA Community Edition 2022.1.3\bin;
USERNAME=CC-Student
OS=Windows_NT
PROCESSOR_IDENTIFIER=Intel64 Family 6 Model 142 Stepping 12, GenuineIntel



---------------  S Y S T E M  ---------------

OS: Windows 10.0 , 64 bit Build 22621 (10.0.22621.1344)

CPU:total 8 (4 cores per cpu, 2 threads per core) family 6 model 142 stepping 12, cmov, cx8, fxsr, mmx, sse, sse2, sse3, ssse3, sse4.1, sse4.2, popcnt, avx, avx2, aes, clmul, erms, 3dnowpref, lzcnt, ht, tsc, tscinvbit, bmi1, bmi2, adx

Memory: 4k page, physical 8215604k(1625456k free), swap 33381428k(5608k free)

vm_info: Java HotSpot(TM) 64-Bit Server VM (25.65-b01) for windows-amd64 JRE (1.8.0_65-b17), built on Oct  6 2015 16:39:20 by "java_re" with MS VC++ 10.0 (VS2010)

time: Thu Apr 06 01:03:16 2023
elapsed time: 4 seconds (0d 0h 0m 4s)

