#
# There is insufficient memory for the Java Runtime Environment to continue.
# Native memory allocation (malloc) failed to allocate 1503296 bytes for Chunk::new
# Possible reasons:
#   The system is out of physical RAM or swap space
#   In 32 bit mode, the process size limit was hit
# Possible solutions:
#   Reduce memory load on the system
#   Increase physical memory or swap space
#   Check if swap backing store is full
#   Use 64 bit Java on a 64 bit OS
#   Decrease Java heap size (-Xmx/-Xms)
#   Decrease number of Java threads
#   Decrease Java thread stack sizes (-Xss)
#   Set larger code cache with -XX:ReservedCodeCacheSize=
# This output file may be truncated or incomplete.
#
#  Out of Memory Error (allocation.cpp:390), pid=8112, tid=10328
#
# JRE version: Java(TM) SE Runtime Environment (8.0_65-b17) (build 1.8.0_65-b17)
# Java VM: Java HotSpot(TM) 64-Bit Server VM (25.65-b01 mixed mode windows-amd64 compressed oops)
# Failed to write core dump. Minidumps are not enabled by default on client versions of Windows
#

---------------  T H R E A D  ---------------

Current thread (0x000000001965c800):  JavaThread "C2 CompilerThread1" daemon [_thread_in_native, id=10328, stack(0x0000000019d30000,0x0000000019e30000)]

Stack: [0x0000000019d30000,0x0000000019e30000]
[error occurred during error reporting (printing stack bounds), id 0xc0000005]

Native frames: (J=compiled Java code, j=interpreted, Vv=VM code, C=native code)


Current CompileTask:
C2:   3473 2309   !   4       javafx.scene.CssStyleHelper::transitionToState (1075 bytes)


---------------  P R O C E S S  ---------------

Java Threads: ( => current thread )
  0x000000001a553000 JavaThread "Prism Font Disposer" daemon [_thread_blocked, id=6896, stack(0x0000000021850000,0x0000000021950000)]
  0x000000001a333800 JavaThread "Thread-3" daemon [_thread_in_native, id=13024, stack(0x000000001f960000,0x000000001fa60000)]
  0x000000001a396800 JavaThread "JavaFX-Launcher" [_thread_blocked, id=14340, stack(0x000000001fa60000,0x000000001fb60000)]
  0x000000001a27f800 JavaThread "JavaFX Application Thread" [_thread_in_native, id=6156, stack(0x000000001ae90000,0x000000001af90000)]
  0x000000001a27e800 JavaThread "Thread-1" daemon [_thread_blocked, id=5352, stack(0x000000001ad90000,0x000000001ae90000)]
  0x0000000019a2e000 JavaThread "QuantumRenderer-0" daemon [_thread_blocked, id=6936, stack(0x000000001aa30000,0x000000001ab30000)]
  0x00000000196ed800 JavaThread "Service Thread" daemon [_thread_blocked, id=6904, stack(0x000000001a030000,0x000000001a130000)]
  0x0000000019665000 JavaThread "C1 CompilerThread3" daemon [_thread_in_vm, id=7424, stack(0x0000000019f30000,0x000000001a030000)]
  0x000000001965e000 JavaThread "C2 CompilerThread2" daemon [_thread_blocked, id=15004, stack(0x0000000019e30000,0x0000000019f30000)]
=>0x000000001965c800 JavaThread "C2 CompilerThread1" daemon [_thread_in_native, id=10328, stack(0x0000000019d30000,0x0000000019e30000)]
  0x0000000019656000 JavaThread "C2 CompilerThread0" daemon [_thread_blocked, id=1084, stack(0x0000000019c30000,0x0000000019d30000)]
  0x0000000019654800 JavaThread "Attach Listener" daemon [_thread_blocked, id=7324, stack(0x0000000019b30000,0x0000000019c30000)]
  0x0000000019653800 JavaThread "Signal Dispatcher" daemon [_thread_blocked, id=14564, stack(0x0000000019a30000,0x0000000019b30000)]
  0x0000000002608800 JavaThread "Finalizer" daemon [_thread_blocked, id=1444, stack(0x00000000193f0000,0x00000000194f0000)]
  0x00000000174ed800 JavaThread "Reference Handler" daemon [_thread_blocked, id=14476, stack(0x00000000192f0000,0x00000000193f0000)]
  0x0000000002511000 JavaThread "main" [_thread_blocked, id=8396, stack(0x0000000002410000,0x0000000002510000)]

Other Threads:
  0x00000000174e8800 VMThread [stack: 0x00000000191f0000,0x00000000192f0000] [id=13756]
  0x000000001971c800 WatcherThread [stack: 0x000000001a130000,0x000000001a230000] [id=11520]

VM state:not at safepoint (normal execution)

VM Mutex/Monitor currently owned by a thread: None

Heap:
 PSYoungGen      total 37888K, used 28469K [0x00000000d6380000, 0x00000000d8d80000, 0x0000000100000000)
  eden space 32768K, 86% used [0x00000000d6380000,0x00000000d7f4d6e8,0x00000000d8380000)
  from space 5120K, 0% used [0x00000000d8880000,0x00000000d8880000,0x00000000d8d80000)
  to   space 5120K, 0% used [0x00000000d8380000,0x00000000d8380000,0x00000000d8880000)
 ParOldGen       total 47616K, used 7164K [0x0000000082a00000, 0x0000000085880000, 0x00000000d6380000)
  object space 47616K, 15% used [0x0000000082a00000,0x00000000830ff340,0x0000000085880000)
 Metaspace       used 22988K, capacity 24068K, committed 24192K, reserved 1073152K
  class space    used 3149K, capacity 3369K, committed 3456K, reserved 1048576K

Card table byte_map: [0x00000000119d0000,0x0000000011dc0000] byte_map_base: 0x00000000115bb000

Marking Bits: (ParMarkBitMap*) 0x00000000546aa5b0
 Begin Bits: [0x0000000012860000, 0x00000000147b8000)
 End Bits:   [0x00000000147b8000, 0x0000000016710000)

Polling page: 0x00000000022c0000

CodeCache: size=245760Kb used=7530Kb max_used=7549Kb free=238229Kb
 bounds [0x0000000002610000, 0x0000000002d80000, 0x0000000011610000]
 total_blobs=3200 nmethods=2464 adapters=647
 compilation: enabled

Compilation events (10 events):
Event: 3.457 Thread 0x0000000019665000 2463       3       com.sun.javafx.geom.transform.AffineBase::getMxt (5 bytes)
Event: 3.457 Thread 0x0000000019665000 nmethod 2463 0x0000000002d68d90 code [0x0000000002d68ee0, 0x0000000002d69030]
Event: 3.457 Thread 0x0000000019665000 2464       3       com.sun.javafx.geom.transform.AffineBase::getMyt (5 bytes)
Event: 3.457 Thread 0x0000000019665000 nmethod 2464 0x0000000002d690d0 code [0x0000000002d69220, 0x0000000002d69370]
Event: 3.457 Thread 0x0000000019665000 2458       1       com.sun.prism.impl.BaseTexture::getLinearFiltering (5 bytes)
Event: 3.457 Thread 0x0000000019665000 nmethod 2458 0x0000000002d69410 code [0x0000000002d69560, 0x0000000002d69670]
Event: 3.457 Thread 0x0000000019665000 2461       1       com.sun.prism.d3d.D3DTextureData::getSamples (5 bytes)
Event: 3.457 Thread 0x0000000019665000 nmethod 2461 0x0000000002d696d0 code [0x0000000002d69820, 0x0000000002d69930]
Event: 3.457 Thread 0x0000000019665000 2462       1       com.sun.prism.impl.ps.BaseShaderContext$State::access$000 (5 bytes)
Event: 3.458 Thread 0x0000000019665000 nmethod 2462 0x0000000002d69990 code [0x0000000002d69ae0, 0x0000000002d69bd0]

GC Heap History (6 events):
Event: 2.723 GC heap before
{Heap before GC invocations=1 (full 0):
 PSYoungGen      total 37888K, used 32768K [0x00000000d6380000, 0x00000000d8d80000, 0x0000000100000000)
  eden space 32768K, 100% used [0x00000000d6380000,0x00000000d8380000,0x00000000d8380000)
  from space 5120K, 0% used [0x00000000d8880000,0x00000000d8880000,0x00000000d8d80000)
  to   space 5120K, 0% used [0x00000000d8380000,0x00000000d8380000,0x00000000d8880000)
 ParOldGen       total 86016K, used 0K [0x0000000082a00000, 0x0000000087e00000, 0x00000000d6380000)
  object space 86016K, 0% used [0x0000000082a00000,0x0000000082a00000,0x0000000087e00000)
 Metaspace       used 15556K, capacity 16280K, committed 16512K, reserved 1064960K
  class space    used 2165K, capacity 2348K, committed 2432K, reserved 1048576K
Event: 2.727 GC heap after
Heap after GC invocations=1 (full 0):
 PSYoungGen      total 37888K, used 5090K [0x00000000d6380000, 0x00000000d8d80000, 0x0000000100000000)
  eden space 32768K, 0% used [0x00000000d6380000,0x00000000d6380000,0x00000000d8380000)
  from space 5120K, 99% used [0x00000000d8380000,0x00000000d8878ac0,0x00000000d8880000)
  to   space 5120K, 0% used [0x00000000d8880000,0x00000000d8880000,0x00000000d8d80000)
 ParOldGen       total 86016K, used 4270K [0x0000000082a00000, 0x0000000087e00000, 0x00000000d6380000)
  object space 86016K, 4% used [0x0000000082a00000,0x0000000082e2b808,0x0000000087e00000)
 Metaspace       used 15556K, capacity 16280K, committed 16512K, reserved 1064960K
  class space    used 2165K, capacity 2348K, committed 2432K, reserved 1048576K
}
Event: 2.738 GC heap before
{Heap before GC invocations=2 (full 0):
 PSYoungGen      total 37888K, used 5932K [0x00000000d6380000, 0x00000000d8d80000, 0x0000000100000000)
  eden space 32768K, 2% used [0x00000000d6380000,0x00000000d6452908,0x00000000d8380000)
  from space 5120K, 99% used [0x00000000d8380000,0x00000000d8878ac0,0x00000000d8880000)
  to   space 5120K, 0% used [0x00000000d8880000,0x00000000d8880000,0x00000000d8d80000)
 ParOldGen       total 86016K, used 4270K [0x0000000082a00000, 0x0000000087e00000, 0x00000000d6380000)
  object space 86016K, 4% used [0x0000000082a00000,0x0000000082e2b808,0x0000000087e00000)
 Metaspace       used 15782K, capacity 16472K, committed 16512K, reserved 1069056K
  class space    used 2196K, capacity 2412K, committed 2432K, reserved 1048576K
Event: 2.742 GC heap after
Heap after GC invocations=2 (full 0):
 PSYoungGen      total 37888K, used 5088K [0x00000000d6380000, 0x00000000d8d80000, 0x0000000100000000)
  eden space 32768K, 0% used [0x00000000d6380000,0x00000000d6380000,0x00000000d8380000)
  from space 5120K, 99% used [0x00000000d8880000,0x00000000d8d78050,0x00000000d8d80000)
  to   space 5120K, 0% used [0x00000000d8380000,0x00000000d8380000,0x00000000d8880000)
 ParOldGen       total 86016K, used 4355K [0x0000000082a00000, 0x0000000087e00000, 0x00000000d6380000)
  object space 86016K, 5% used [0x0000000082a00000,0x0000000082e40de8,0x0000000087e00000)
 Metaspace       used 15782K, capacity 16472K, committed 16512K, reserved 1069056K
  class space    used 2196K, capacity 2412K, committed 2432K, reserved 1048576K
}
Event: 2.742 GC heap before
{Heap before GC invocations=3 (full 1):
 PSYoungGen      total 37888K, used 5088K [0x00000000d6380000, 0x00000000d8d80000, 0x0000000100000000)
  eden space 32768K, 0% used [0x00000000d6380000,0x00000000d6380000,0x00000000d8380000)
  from space 5120K, 99% used [0x00000000d8880000,0x00000000d8d78050,0x00000000d8d80000)
  to   space 5120K, 0% used [0x00000000d8380000,0x00000000d8380000,0x00000000d8880000)
 ParOldGen       total 86016K, used 4355K [0x0000000082a00000, 0x0000000087e00000, 0x00000000d6380000)
  object space 86016K, 5% used [0x0000000082a00000,0x0000000082e40de8,0x0000000087e00000)
 Metaspace       used 15782K, capacity 16472K, committed 16512K, reserved 1069056K
  class space    used 2196K, capacity 2412K, committed 2432K, reserved 1048576K
Event: 2.757 GC heap after
Heap after GC invocations=3 (full 1):
 PSYoungGen      total 37888K, used 0K [0x00000000d6380000, 0x00000000d8d80000, 0x0000000100000000)
  eden space 32768K, 0% used [0x00000000d6380000,0x00000000d6380000,0x00000000d8380000)
  from space 5120K, 0% used [0x00000000d8880000,0x00000000d8880000,0x00000000d8d80000)
  to   space 5120K, 0% used [0x00000000d8380000,0x00000000d8380000,0x00000000d8880000)
 ParOldGen       total 47616K, used 7164K [0x0000000082a00000, 0x0000000085880000, 0x00000000d6380000)
  object space 47616K, 15% used [0x0000000082a00000,0x00000000830ff340,0x0000000085880000)
 Metaspace       used 15782K, capacity 16472K, committed 16512K, reserved 1067008K
  class space    used 2196K, capacity 2412K, committed 2432K, reserved 1048576K
}

Deoptimization events (10 events):
Event: 3.348 Thread 0x000000001a27f800 Uncommon trap: reason=array_check action=maybe_recompile pc=0x0000000002cc34b8 method=com.sun.javafx.css.CompoundSelector.applies(Ljavafx/css/Styleable;[Ljava/util/Set;I)Z @ 128
Event: 3.348 Thread 0x000000001a27f800 Uncommon trap: reason=array_check action=maybe_recompile pc=0x0000000002cc34b8 method=com.sun.javafx.css.CompoundSelector.applies(Ljavafx/css/Styleable;[Ljava/util/Set;I)Z @ 128
Event: 3.358 Thread 0x000000001a27f800 Uncommon trap: reason=unstable_if action=reinterpret pc=0x0000000002ca5fec method=javafx.scene.Node.notifyParentOfBoundsChange()V @ 18
Event: 3.358 Thread 0x000000001a27f800 Uncommon trap: reason=unstable_if action=reinterpret pc=0x0000000002c9fc24 method=javafx.scene.Node.notifyParentOfBoundsChange()V @ 18
Event: 3.374 Thread 0x000000001a27f800 Uncommon trap: reason=unstable_if action=reinterpret pc=0x0000000002cd4bb4 method=javafx.scene.Parent.markDirtyLayout(Z)V @ 15
Event: 3.379 Thread 0x000000001a27f800 Uncommon trap: reason=unstable_if action=reinterpret pc=0x0000000002cf8898 method=java.lang.StrictMath.floorOrCeil(DDDD)D @ 115
Event: 3.409 Thread 0x000000001a27f800 Uncommon trap: reason=class_check action=maybe_recompile pc=0x0000000002cf4334 method=javafx.beans.property.DoublePropertyBase.get()D @ 23
Event: 3.409 Thread 0x000000001a27f800 Uncommon trap: reason=class_check action=maybe_recompile pc=0x0000000002cf4334 method=javafx.beans.property.DoublePropertyBase.get()D @ 23
Event: 3.409 Thread 0x000000001a27f800 Uncommon trap: reason=class_check action=maybe_recompile pc=0x0000000002cf4334 method=javafx.beans.property.DoublePropertyBase.get()D @ 23
Event: 3.409 Thread 0x000000001a27f800 Uncommon trap: reason=class_check action=maybe_recompile pc=0x0000000002cf4334 method=javafx.beans.property.DoublePropertyBase.get()D @ 23

Internal exceptions (10 events):
Event: 2.714 Thread 0x000000001a27f800 Exception <a 'java/lang/ArrayIndexOutOfBoundsException'> (0x00000000d8338518) thrown at [C:\workspace\8-2-build-windows-amd64-cygwin\jdk8u65\4987\hotspot\src\share\vm\runtime\sharedRuntime.cpp, line 605]
Event: 2.714 Thread 0x000000001a27f800 Exception <a 'java/lang/ArrayIndexOutOfBoundsException'> (0x00000000d8339660) thrown at [C:\workspace\8-2-build-windows-amd64-cygwin\jdk8u65\4987\hotspot\src\share\vm\runtime\sharedRuntime.cpp, line 605]
Event: 2.715 Thread 0x000000001a27f800 Exception <a 'java/lang/ArrayIndexOutOfBoundsException'> (0x00000000d833a9e8) thrown at [C:\workspace\8-2-build-windows-amd64-cygwin\jdk8u65\4987\hotspot\src\share\vm\runtime\sharedRuntime.cpp, line 605]
Event: 2.715 Thread 0x000000001a27f800 Exception <a 'java/lang/ArrayIndexOutOfBoundsException'> (0x00000000d833c618) thrown at [C:\workspace\8-2-build-windows-amd64-cygwin\jdk8u65\4987\hotspot\src\share\vm\runtime\sharedRuntime.cpp, line 605]
Event: 2.720 Thread 0x000000001a27f800 Exception <a 'java/lang/ArrayIndexOutOfBoundsException'> (0x00000000d8362fc8) thrown at [C:\workspace\8-2-build-windows-amd64-cygwin\jdk8u65\4987\hotspot\src\share\vm\runtime\sharedRuntime.cpp, line 605]
Event: 2.720 Thread 0x000000001a27f800 Exception <a 'java/lang/ArrayIndexOutOfBoundsException'> (0x00000000d8364600) thrown at [C:\workspace\8-2-build-windows-amd64-cygwin\jdk8u65\4987\hotspot\src\share\vm\runtime\sharedRuntime.cpp, line 605]
Event: 2.720 Thread 0x000000001a27f800 Exception <a 'java/lang/ArrayIndexOutOfBoundsException'> (0x00000000d83662b8) thrown at [C:\workspace\8-2-build-windows-amd64-cygwin\jdk8u65\4987\hotspot\src\share\vm\runtime\sharedRuntime.cpp, line 605]
Event: 2.729 Thread 0x000000001a27f800 Exception <a 'java/lang/ArrayIndexOutOfBoundsException'> (0x00000000d638c8a0) thrown at [C:\workspace\8-2-build-windows-amd64-cygwin\jdk8u65\4987\hotspot\src\share\vm\runtime\sharedRuntime.cpp, line 605]
Event: 2.733 Thread 0x000000001a27f800 Exception <a 'java/lang/ArrayIndexOutOfBoundsException'> (0x00000000d639c420) thrown at [C:\workspace\8-2-build-windows-amd64-cygwin\jdk8u65\4987\hotspot\src\share\vm\runtime\sharedRuntime.cpp, line 605]
Event: 2.772 Thread 0x000000001a27f800 Implicit null exception at 0x00000000029dadd9 to 0x00000000029db135

Events (10 events):
Event: 3.435 loading class com/sun/scenario/effect/impl/state/BoxShadowState
Event: 3.435 loading class com/sun/scenario/effect/impl/state/BoxShadowState done
Event: 3.435 loading class com/sun/scenario/effect/impl/state/BoxBlurState
Event: 3.435 loading class com/sun/scenario/effect/impl/state/BoxBlurState done
Event: 3.435 loading class com/sun/scenario/effect/impl/state/BoxRenderState
Event: 3.435 loading class com/sun/scenario/effect/impl/state/BoxRenderState done
Event: 3.436 loading class com/sun/javafx/sg/prism/EffectFilter
Event: 3.436 loading class com/sun/javafx/sg/prism/EffectFilter done
Event: 3.436 loading class com/sun/javafx/sg/prism/NodeEffectInput$RenderType
Event: 3.436 loading class com/sun/javafx/sg/prism/NodeEffectInput$RenderType done


Dynamic libraries:
0x00007ff767c50000 - 0x00007ff767c87000 	C:\Program Files\Java\jdk1.8.0_65\bin\java.exe
0x00007ffa17210000 - 0x00007ffa17424000 	C:\WINDOWS\SYSTEM32\ntdll.dll
0x00007ffa15ec0000 - 0x00007ffa15f83000 	C:\WINDOWS\System32\KERNEL32.DLL
0x00007ffa14b10000 - 0x00007ffa14eac000 	C:\WINDOWS\System32\KERNELBASE.dll
0x00007ffa16d90000 - 0x00007ffa16e3e000 	C:\WINDOWS\System32\ADVAPI32.dll
0x00007ffa16bf0000 - 0x00007ffa16c97000 	C:\WINDOWS\System32\msvcrt.dll
0x00007ffa15460000 - 0x00007ffa15504000 	C:\WINDOWS\System32\sechost.dll
0x00007ffa162e0000 - 0x00007ffa163f5000 	C:\WINDOWS\System32\RPCRT4.dll
0x00007ffa15f90000 - 0x00007ffa1613d000 	C:\WINDOWS\System32\USER32.dll
0x00007ffa14900000 - 0x00007ffa14926000 	C:\WINDOWS\System32\win32u.dll
0x00007ffa16140000 - 0x00007ffa16169000 	C:\WINDOWS\System32\GDI32.dll
0x00007ffa147e0000 - 0x00007ffa148f3000 	C:\WINDOWS\System32\gdi32full.dll
0x00007ffa14650000 - 0x00007ffa146ea000 	C:\WINDOWS\System32\msvcp_win.dll
0x00007ffa14930000 - 0x00007ffa14a41000 	C:\WINDOWS\System32\ucrtbase.dll
0x00007ff9f4fe0000 - 0x00007ff9f526e000 	C:\WINDOWS\WinSxS\amd64_microsoft.windows.common-controls_6595b64144ccf1df_6.0.22621.608_none_a9444ca7c10bb01d\COMCTL32.dll
0x00007ffa162a0000 - 0x00007ffa162d1000 	C:\WINDOWS\System32\IMM32.DLL
0x0000000053dc0000 - 0x0000000053e92000 	C:\Program Files\Java\jdk1.8.0_65\jre\bin\msvcr100.dll
0x0000000053ea0000 - 0x0000000054729000 	C:\Program Files\Java\jdk1.8.0_65\jre\bin\server\jvm.dll
0x00007ffa15cf0000 - 0x00007ffa15cf8000 	C:\WINDOWS\System32\PSAPI.DLL
0x00007ff9f8e20000 - 0x00007ff9f8e29000 	C:\WINDOWS\SYSTEM32\WSOCK32.dll
0x00007ffa0a000000 - 0x00007ffa0a034000 	C:\WINDOWS\SYSTEM32\WINMM.dll
0x00007ff9fdaf0000 - 0x00007ff9fdafa000 	C:\WINDOWS\SYSTEM32\VERSION.dll
0x00007ffa15c50000 - 0x00007ffa15cc1000 	C:\WINDOWS\System32\WS2_32.dll
0x00000000547d0000 - 0x00000000547df000 	C:\Program Files\Java\jdk1.8.0_65\jre\bin\verify.dll
0x0000000053d50000 - 0x0000000053d79000 	C:\Program Files\Java\jdk1.8.0_65\jre\bin\java.dll
0x00000000547b0000 - 0x00000000547c6000 	C:\Program Files\Java\jdk1.8.0_65\jre\bin\zip.dll
0x00007ffa16400000 - 0x00007ffa16bf0000 	C:\WINDOWS\System32\SHELL32.dll
0x00007ffa12670000 - 0x00007ffa12f3e000 	C:\WINDOWS\SYSTEM32\windows.storage.dll
0x00007ffa16e40000 - 0x00007ffa171c9000 	C:\WINDOWS\System32\combase.dll
0x00007ffa12530000 - 0x00007ffa1266e000 	C:\WINDOWS\SYSTEM32\wintypes.dll
0x00007ffa15080000 - 0x00007ffa15171000 	C:\WINDOWS\System32\SHCORE.dll
0x00007ffa15020000 - 0x00007ffa1507e000 	C:\WINDOWS\System32\shlwapi.dll
0x00007ffa14580000 - 0x00007ffa145a1000 	C:\WINDOWS\SYSTEM32\profapi.dll
0x00007ff9fed20000 - 0x00007ff9fee0f000 	C:\Program Files\Java\jdk1.8.0_65\jre\bin\msvcr120.dll
0x00007ff9fec70000 - 0x00007ff9fed16000 	C:\Program Files\Java\jdk1.8.0_65\jre\bin\msvcp120.dll
0x0000000053a20000 - 0x0000000053a43000 	C:\Program Files\Java\jdk1.8.0_65\jre\bin\prism_d3d.dll
0x00007ff9bdd50000 - 0x00007ff9bdef9000 	C:\WINDOWS\system32\d3d9.dll
0x00007ffa0dd90000 - 0x00007ffa0ddbb000 	C:\WINDOWS\SYSTEM32\dwmapi.dll
0x00007ffa11420000 - 0x00007ffa11456000 	C:\WINDOWS\SYSTEM32\dxcore.dll
0x00007ffa0dc00000 - 0x00007ffa0dcab000 	C:\WINDOWS\system32\uxtheme.dll
0x00007ff9bdbe0000 - 0x00007ff9bdd4c000 	C:\Windows\System32\DriverStore\FileRepository\iigd_dch.inf_amd64_5802b1615520e41c\igdumdim64.dll
0x00007ffa15990000 - 0x00007ffa15b2c000 	C:\WINDOWS\System32\ole32.dll
0x00007ff9b9fd0000 - 0x00007ff9bdbd6000 	C:\Windows\System32\DriverStore\FileRepository\iigd_dch.inf_amd64_5802b1615520e41c\igd9dxva64.dll
0x00007ffa161c0000 - 0x00007ffa16297000 	C:\WINDOWS\System32\OLEAUT32.dll
0x00007ffa15510000 - 0x00007ffa15984000 	C:\WINDOWS\System32\SETUPAPI.dll
0x00007ffa14340000 - 0x00007ffa1438e000 	C:\WINDOWS\SYSTEM32\cfgmgr32.dll
0x00007ffa052b0000 - 0x00007ffa05677000 	C:\Windows\System32\DriverStore\FileRepository\iigd_dch.inf_amd64_5802b1615520e41c\igdgmm64.dll
0x00007ffa0a620000 - 0x00007ffa0a669000 	C:\WINDOWS\SYSTEM32\directxdatabasehelper.dll
0x00007ffa13790000 - 0x00007ffa137a8000 	C:\WINDOWS\SYSTEM32\kernel.appcore.dll
0x00000000539d0000 - 0x0000000053a13000 	C:\Program Files\Java\jdk1.8.0_65\jre\bin\glass.dll
0x00007ffa15d00000 - 0x00007ffa15df7000 	C:\WINDOWS\System32\COMDLG32.dll
0x00007ffa15b30000 - 0x00007ffa15c4e000 	C:\WINDOWS\System32\MSCTF.dll
0x00007ffa14760000 - 0x00007ffa147db000 	C:\WINDOWS\System32\bcryptPrimitives.dll
0x00007ff9c1d50000 - 0x00007ff9c1d77000 	C:\Windows\System32\DriverStore\FileRepository\iigd_dch.inf_amd64_5802b1615520e41c\igdinfo64.dll
0x00007ffa01a00000 - 0x00007ffa05011000 	C:\Windows\System32\DriverStore\FileRepository\iigd_dch.inf_amd64_5802b1615520e41c\igc64.dll
0x00000000539b0000 - 0x00000000539c4000 	C:\Program Files\Java\jdk1.8.0_65\jre\bin\javafx_font.dll
0x00007ffa11a50000 - 0x00007ffa11cb7000 	C:\WINDOWS\SYSTEM32\dwrite.dll
0x00007ffa15e10000 - 0x00007ffa15ec0000 	C:\WINDOWS\System32\clbcatq.dll
0x00007ffa0c7c0000 - 0x00007ffa0c970000 	C:\WINDOWS\SYSTEM32\WindowsCodecs.dll
0x00007ff9e99d0000 - 0x00007ff9e9a2e000 	C:\WINDOWS\system32\dataexchange.dll
0x00007ffa07b10000 - 0x00007ffa07d7a000 	C:\WINDOWS\system32\twinapi.appcore.dll
0x00007ff9fdbc0000 - 0x00007ff9fdbf2000 	C:\Program Files\Common Files\Microsoft Shared\Ink\rtscom.dll
0x00007ffa00150000 - 0x00007ffa0027e000 	C:\WINDOWS\SYSTEM32\textinputframework.dll
0x00007ffa0d830000 - 0x00007ffa0d963000 	C:\WINDOWS\SYSTEM32\CoreMessaging.dll
0x00007ffa096d0000 - 0x00007ffa09a3c000 	C:\WINDOWS\SYSTEM32\CoreUIComponents.dll
0x00007ffa13e60000 - 0x00007ffa13e6c000 	C:\WINDOWS\SYSTEM32\CRYPTBASE.DLL
0x00000000535e0000 - 0x00000000535f1000 	C:\Program Files\Java\jdk1.8.0_65\jre\bin\prism_common.dll
0x0000000053ac0000 - 0x0000000053acd000 	C:\Program Files\Java\jdk1.8.0_65\jre\bin\management.dll
0x0000000053d30000 - 0x0000000053d4a000 	C:\Program Files\Java\jdk1.8.0_65\jre\bin\net.dll
0x00007ffa13c00000 - 0x00007ffa13c69000 	C:\WINDOWS\system32\mswsock.dll
0x0000000053d10000 - 0x0000000053d21000 	C:\Program Files\Java\jdk1.8.0_65\jre\bin\nio.dll
0x00007ff9fc060000 - 0x00007ff9fc077000 	C:\WINDOWS\system32\napinsp.dll
0x00007ff9fc040000 - 0x00007ff9fc05b000 	C:\WINDOWS\system32\pnrpnsp.dll
0x00007ffa13270000 - 0x00007ffa13363000 	C:\WINDOWS\SYSTEM32\DNSAPI.dll
0x00007ffa13200000 - 0x00007ffa1322d000 	C:\WINDOWS\SYSTEM32\IPHLPAPI.DLL
0x00007ffa15e00000 - 0x00007ffa15e09000 	C:\WINDOWS\System32\NSI.dll
0x00007ff9fbe50000 - 0x00007ff9fbe61000 	C:\WINDOWS\System32\winrnr.dll
0x00007ffa08620000 - 0x00007ffa08635000 	C:\WINDOWS\system32\wshbth.dll
0x00007ff9c31c0000 - 0x00007ff9c31e1000 	C:\WINDOWS\system32\nlansp_c.dll
0x00007ffa000a0000 - 0x00007ffa000aa000 	C:\Windows\System32\rasadhlp.dll
0x00007ffa07a80000 - 0x00007ffa07b03000 	C:\WINDOWS\System32\fwpuclnt.dll
0x00007ffa13e70000 - 0x00007ffa13e8b000 	C:\WINDOWS\SYSTEM32\CRYPTSP.dll
0x00007ffa13700000 - 0x00007ffa13735000 	C:\WINDOWS\system32\rsaenh.dll
0x00007ffa13d00000 - 0x00007ffa13d28000 	C:\WINDOWS\SYSTEM32\USERENV.dll
0x00007ffa14000000 - 0x00007ffa14028000 	C:\WINDOWS\SYSTEM32\bcrypt.dll
0x00007ffa09ed0000 - 0x00007ffa09ee9000 	C:\WINDOWS\SYSTEM32\dhcpcsvc6.DLL
0x00007ffa09040000 - 0x00007ffa0905f000 	C:\WINDOWS\SYSTEM32\dhcpcsvc.DLL

VM Arguments:
jvm_args: -Dfile.encoding=UTF-8 
java_command: javase.ss.gui.NochEinVersuch
java_class_path (initial): C:\oraclexe\app\oracle\product\11.2.0\server\jdbc\lib\ojdbc6.jar;C:\Users\CC-Student\Desktop\Meine Datenbank - SQL-Code -Befahle\SS\build\classes
Launcher Type: SUN_STANDARD

Environment Variables:
PATH=C:\oraclexe\app\oracle\product\11.2.0\server\bin;;C:\oraclexe\app\oracle\product\11.2.0\server\bin;C:\Program Files (x86)\Common Files\Oracle\Java\javapath;C:\ProgramData\Oracle\Java\javapath;C:\WINDOWS\system32;C:\WINDOWS;C:\WINDOWS\System32\Wbem;C:\WINDOWS\System32\WindowsPowerShell\v1.0\;C:\WINDOWS\System32\OpenSSH\;C:\Program Files\dotnet\;C:\Program Files\Microsoft SQL Server\150\Tools\Binn\;C:\Program Files\Git\cmd;C:\Program Files\Java\jdk1.8.0_65\bin;C:\WINDOWS\system32;C:\WINDOWS;C:\WINDOWS\System32\Wbem;C:\WINDOWS\System32\WindowsPowerShell\v1.0\;C:\WINDOWS\System32\OpenSSH\;C:\Program Files\IIS\maven\bin;C:\Users\CC-Student\AppData\Local\Microsoft\WindowsApps;C:\Users\CC-Student\AppData\Local\GitHubDesktop\bin;C:\Program Files\JetBrains\IntelliJ IDEA Community Edition 2022.1.3\bin;
USERNAME=CC-Student
OS=Windows_NT
PROCESSOR_IDENTIFIER=Intel64 Family 6 Model 142 Stepping 12, GenuineIntel



---------------  S Y S T E M  ---------------

OS: Windows 10.0 , 64 bit Build 22621 (10.0.22621.1344)

CPU:total 8 (4 cores per cpu, 2 threads per core) family 6 model 142 stepping 12, cmov, cx8, fxsr, mmx, sse, sse2, sse3, ssse3, sse4.1, sse4.2, popcnt, avx, avx2, aes, clmul, erms, 3dnowpref, lzcnt, ht, tsc, tscinvbit, bmi1, bmi2, adx

Memory: 4k page, physical 8215604k(1260896k free), swap 33381428k(6620k free)

vm_info: Java HotSpot(TM) 64-Bit Server VM (25.65-b01) for windows-amd64 JRE (1.8.0_65-b17), built on Oct  6 2015 16:39:20 by "java_re" with MS VC++ 10.0 (VS2010)

time: Tue Apr 04 19:03:45 2023
elapsed time: 3 seconds (0d 0h 0m 3s)

