#
# There is insufficient memory for the Java Runtime Environment to continue.
# Native memory allocation (malloc) failed to allocate 370816 bytes for Chunk::new
# Possible reasons:
#   The system is out of physical RAM or swap space
#   In 32 bit mode, the process size limit was hit
# Possible solutions:
#   Reduce memory load on the system
#   Increase physical memory or swap space
#   Check if swap backing store is full
#   Use 64 bit Java on a 64 bit OS
#   Decrease Java heap size (-Xmx/-Xms)
#   Decrease number of Java threads
#   Decrease Java thread stack sizes (-Xss)
#   Set larger code cache with -XX:ReservedCodeCacheSize=
# This output file may be truncated or incomplete.
#
#  Out of Memory Error (allocation.cpp:390), pid=14316, tid=15336
#
# JRE version: Java(TM) SE Runtime Environment (8.0_65-b17) (build 1.8.0_65-b17)
# Java VM: Java HotSpot(TM) 64-Bit Server VM (25.65-b01 mixed mode windows-amd64 compressed oops)
# Failed to write core dump. Minidumps are not enabled by default on client versions of Windows
#

---------------  T H R E A D  ---------------

Current thread (0x000000001a2b7800):  JavaThread "C2 CompilerThread2" daemon [_thread_in_native, id=15336, stack(0x000000001aa80000,0x000000001ab80000)]

Stack: [0x000000001aa80000,0x000000001ab80000]
[error occurred during error reporting (printing stack bounds), id 0xc0000005]

Native frames: (J=compiled Java code, j=interpreted, Vv=VM code, C=native code)


Current CompileTask:
C2:   2757 1354       4       oracle.jdbc.driver.SQLStateMapping$Tokenizer::next (334 bytes)


---------------  P R O C E S S  ---------------

Java Threads: ( => current thread )
  0x000000001a2a4800 JavaThread "Prism Font Disposer" daemon [_thread_blocked, id=13060, stack(0x00000000224c0000,0x00000000225c0000)]
  0x000000001a2a8800 JavaThread "Thread-3" daemon [_thread_in_native, id=8644, stack(0x0000000020620000,0x0000000020720000)]
  0x000000001a2a5800 JavaThread "JavaFX-Launcher" [_thread_blocked, id=15236, stack(0x0000000020720000,0x0000000020820000)]
  0x000000001a2a4000 JavaThread "JavaFX Application Thread" [_thread_in_vm, id=12452, stack(0x000000001bb50000,0x000000001bc50000)]
  0x000000001a2aa800 JavaThread "Thread-1" daemon [_thread_blocked, id=13860, stack(0x000000001ba50000,0x000000001bb50000)]
  0x000000001a2a7800 JavaThread "QuantumRenderer-0" daemon [_thread_blocked, id=7172, stack(0x000000001b680000,0x000000001b780000)]
  0x000000001a2aa000 JavaThread "Service Thread" daemon [_thread_blocked, id=3744, stack(0x000000001ac80000,0x000000001ad80000)]
  0x000000001a2bb800 JavaThread "C1 CompilerThread3" daemon [_thread_blocked, id=13424, stack(0x000000001ab80000,0x000000001ac80000)]
=>0x000000001a2b7800 JavaThread "C2 CompilerThread2" daemon [_thread_in_native, id=15336, stack(0x000000001aa80000,0x000000001ab80000)]
  0x000000001a2b3000 JavaThread "C2 CompilerThread1" daemon [_thread_in_native, id=11824, stack(0x000000001a980000,0x000000001aa80000)]
  0x000000001a2ac800 JavaThread "C2 CompilerThread0" daemon [_thread_blocked, id=3912, stack(0x000000001a880000,0x000000001a980000)]
  0x000000001a2a9000 JavaThread "Attach Listener" daemon [_thread_blocked, id=596, stack(0x000000001a780000,0x000000001a880000)]
  0x000000001a2a7000 JavaThread "Signal Dispatcher" daemon [_thread_blocked, id=4036, stack(0x000000001a680000,0x000000001a780000)]
  0x0000000003278800 JavaThread "Finalizer" daemon [_thread_blocked, id=3880, stack(0x000000001a040000,0x000000001a140000)]
  0x000000001815d800 JavaThread "Reference Handler" daemon [_thread_blocked, id=6036, stack(0x0000000019f40000,0x000000001a040000)]
  0x0000000003181000 JavaThread "main" [_thread_blocked, id=12516, stack(0x0000000003080000,0x0000000003180000)]

Other Threads:
  0x0000000018158800 VMThread [stack: 0x0000000019e40000,0x0000000019f40000] [id=14480]
  0x000000001a378000 WatcherThread [stack: 0x000000001ad80000,0x000000001ae80000] [id=7832]

VM state:not at safepoint (normal execution)

VM Mutex/Monitor currently owned by a thread:  ([mutex/lock_event])
[0x0000000002fec030] SymbolTable_lock - owner thread: 0x0000000000000000

Heap:
 PSYoungGen      total 37888K, used 7044K [0x00000000d6380000, 0x00000000d8d80000, 0x0000000100000000)
  eden space 32768K, 5% used [0x00000000d6380000,0x00000000d65687e0,0x00000000d8380000)
  from space 5120K, 99% used [0x00000000d8380000,0x00000000d8878ae0,0x00000000d8880000)
  to   space 5120K, 0% used [0x00000000d8880000,0x00000000d8880000,0x00000000d8d80000)
 ParOldGen       total 86016K, used 4246K [0x0000000082a00000, 0x0000000087e00000, 0x00000000d6380000)
  object space 86016K, 4% used [0x0000000082a00000,0x0000000082e25808,0x0000000087e00000)
 Metaspace       used 15945K, capacity 16652K, committed 16768K, reserved 1062912K
  class space    used 2216K, capacity 2412K, committed 2432K, reserved 1048576K

Card table byte_map: [0x0000000012640000,0x0000000012a30000] byte_map_base: 0x000000001222b000

Marking Bits: (ParMarkBitMap*) 0x00000000546aa5b0
 Begin Bits: [0x00000000134d0000, 0x0000000015428000)
 End Bits:   [0x0000000015428000, 0x0000000017380000)

Polling page: 0x0000000002fc0000

CodeCache: size=245760Kb used=4556Kb max_used=4568Kb free=241203Kb
 bounds [0x0000000003280000, 0x0000000003700000, 0x0000000012280000]
 total_blobs=2019 nmethods=1371 adapters=560
 compilation: enabled

Compilation events (10 events):
Event: 2.754 Thread 0x000000001a2bb800 1368       3       java.util.Hashtable$Enumerator::nextElement (111 bytes)
Event: 2.755 Thread 0x000000001a2bb800 nmethod 1368 0x00000000036f3d50 code [0x00000000036f3ee0, 0x00000000036f4348]
Event: 2.755 Thread 0x000000001a2bb800 1369       3       java.util.Hashtable$Enumerator::hasNext (5 bytes)
Event: 2.755 Thread 0x000000001a2ac800 nmethod 1371 0x00000000036f5d10 code [0x00000000036f5e40, 0x00000000036f5ef8]
Event: 2.755 Thread 0x000000001a2bb800 nmethod 1369 0x00000000036f39d0 code [0x00000000036f3b40, 0x00000000036f3cc8]
Event: 2.755 Thread 0x000000001a2bb800 1370       3       java.util.Hashtable$Enumerator::next (27 bytes)
Event: 2.755 Thread 0x000000001a2ac800 1372       4       java.lang.StringBuilder::toString (17 bytes)
Event: 2.755 Thread 0x000000001a2bb800 nmethod 1370 0x00000000036f34d0 code [0x00000000036f3660, 0x00000000036f38b8]
Event: 2.756 Thread 0x000000001a2bb800 1373       3       java.util.zip.ZStreamRef::address (5 bytes)
Event: 2.756 Thread 0x000000001a2bb800 nmethod 1373 0x00000000036f2f90 code [0x00000000036f30e0, 0x00000000036f3230]

GC Heap History (2 events):
Event: 2.729 GC heap before
{Heap before GC invocations=1 (full 0):
 PSYoungGen      total 37888K, used 32768K [0x00000000d6380000, 0x00000000d8d80000, 0x0000000100000000)
  eden space 32768K, 100% used [0x00000000d6380000,0x00000000d8380000,0x00000000d8380000)
  from space 5120K, 0% used [0x00000000d8880000,0x00000000d8880000,0x00000000d8d80000)
  to   space 5120K, 0% used [0x00000000d8380000,0x00000000d8380000,0x00000000d8880000)
 ParOldGen       total 86016K, used 0K [0x0000000082a00000, 0x0000000087e00000, 0x00000000d6380000)
  object space 86016K, 0% used [0x0000000082a00000,0x0000000082a00000,0x0000000087e00000)
 Metaspace       used 15565K, capacity 16268K, committed 16512K, reserved 1062912K
  class space    used 2162K, capacity 2348K, committed 2432K, reserved 1048576K
Event: 2.734 GC heap after
Heap after GC invocations=1 (full 0):
 PSYoungGen      total 37888K, used 5090K [0x00000000d6380000, 0x00000000d8d80000, 0x0000000100000000)
  eden space 32768K, 0% used [0x00000000d6380000,0x00000000d6380000,0x00000000d8380000)
  from space 5120K, 99% used [0x00000000d8380000,0x00000000d8878ae0,0x00000000d8880000)
  to   space 5120K, 0% used [0x00000000d8880000,0x00000000d8880000,0x00000000d8d80000)
 ParOldGen       total 86016K, used 4246K [0x0000000082a00000, 0x0000000087e00000, 0x00000000d6380000)
  object space 86016K, 4% used [0x0000000082a00000,0x0000000082e25808,0x0000000087e00000)
 Metaspace       used 15565K, capacity 16268K, committed 16512K, reserved 1062912K
  class space    used 2162K, capacity 2348K, committed 2432K, reserved 1048576K
}

Deoptimization events (10 events):
Event: 0.422 Thread 0x000000001a2a4000 Uncommon trap: reason=class_check action=maybe_recompile pc=0x00000000034039b0 method=java.lang.String.equals(Ljava/lang/Object;)Z @ 8
Event: 0.422 Thread 0x000000001a2a4000 Uncommon trap: reason=class_check action=maybe_recompile pc=0x00000000034039b0 method=java.lang.String.equals(Ljava/lang/Object;)Z @ 8
Event: 0.423 Thread 0x000000001a2a4000 Uncommon trap: reason=class_check action=maybe_recompile pc=0x00000000034039b0 method=java.lang.String.equals(Ljava/lang/Object;)Z @ 8
Event: 0.743 Thread 0x000000001a2a4000 Uncommon trap: reason=unstable_if action=reinterpret pc=0x000000000354465c method=sun.net.www.ParseUtil.encodePath(Ljava/lang/String;Z)Ljava/lang/String; @ 109
Event: 0.747 Thread 0x000000001a2a4000 Uncommon trap: reason=unstable_if action=reinterpret pc=0x000000000343730c method=java.lang.String.startsWith(Ljava/lang/String;I)Z @ 25
Event: 0.763 Thread 0x000000001a2a4000 Uncommon trap: reason=unstable_if action=reinterpret pc=0x000000000356b5a8 method=jdk.internal.org.objectweb.asm.Type.getArgumentsAndReturnSizes(Ljava/lang/String;)I @ 47
Event: 0.828 Thread 0x000000001a2a4000 Uncommon trap: reason=unstable_if action=reinterpret pc=0x000000000359e1d0 method=sun.misc.URLClassPath$JarLoader.ensureOpen()V @ 4
Event: 2.704 Thread 0x000000001a2a4000 Uncommon trap: reason=unstable_if action=reinterpret pc=0x00000000035298e0 method=java.lang.String.indexOf([CII[CIII)I @ 3
Event: 2.735 Thread 0x000000001a2a4000 Uncommon trap: reason=class_check action=maybe_recompile pc=0x00000000036c2600 method=java.util.HashMap.putVal(ILjava/lang/Object;Ljava/lang/Object;ZZ)Ljava/lang/Object; @ 203
Event: 2.750 Thread 0x000000001a2a4000 Uncommon trap: reason=unstable_if action=reinterpret pc=0x00000000036e5e24 method=java.io.BufferedReader.read()I @ 19

Internal exceptions (10 events):
Event: 0.984 Thread 0x000000001a2a7800 Exception <a 'java/lang/NullPointerException'> (0x00000000d7c88290) thrown at [C:\workspace\8-2-build-windows-amd64-cygwin\jdk8u65\4987\hotspot\src\share\vm\interpreter\linkResolver.cpp, line 1280]
Event: 2.722 Thread 0x000000001a2a4000 Exception <a 'java/lang/ArrayIndexOutOfBoundsException'> (0x00000000d83461e8) thrown at [C:\workspace\8-2-build-windows-amd64-cygwin\jdk8u65\4987\hotspot\src\share\vm\runtime\sharedRuntime.cpp, line 605]
Event: 2.722 Thread 0x000000001a2a4000 Exception <a 'java/lang/ArrayIndexOutOfBoundsException'> (0x00000000d8347330) thrown at [C:\workspace\8-2-build-windows-amd64-cygwin\jdk8u65\4987\hotspot\src\share\vm\runtime\sharedRuntime.cpp, line 605]
Event: 2.722 Thread 0x000000001a2a4000 Exception <a 'java/lang/ArrayIndexOutOfBoundsException'> (0x00000000d83486b8) thrown at [C:\workspace\8-2-build-windows-amd64-cygwin\jdk8u65\4987\hotspot\src\share\vm\runtime\sharedRuntime.cpp, line 605]
Event: 2.723 Thread 0x000000001a2a4000 Exception <a 'java/lang/ArrayIndexOutOfBoundsException'> (0x00000000d834a2e8) thrown at [C:\workspace\8-2-build-windows-amd64-cygwin\jdk8u65\4987\hotspot\src\share\vm\runtime\sharedRuntime.cpp, line 605]
Event: 2.727 Thread 0x000000001a2a4000 Exception <a 'java/lang/ArrayIndexOutOfBoundsException'> (0x00000000d8370c70) thrown at [C:\workspace\8-2-build-windows-amd64-cygwin\jdk8u65\4987\hotspot\src\share\vm\runtime\sharedRuntime.cpp, line 605]
Event: 2.727 Thread 0x000000001a2a4000 Exception <a 'java/lang/ArrayIndexOutOfBoundsException'> (0x00000000d83722a8) thrown at [C:\workspace\8-2-build-windows-amd64-cygwin\jdk8u65\4987\hotspot\src\share\vm\runtime\sharedRuntime.cpp, line 605]
Event: 2.727 Thread 0x000000001a2a4000 Exception <a 'java/lang/ArrayIndexOutOfBoundsException'> (0x00000000d8373f60) thrown at [C:\workspace\8-2-build-windows-amd64-cygwin\jdk8u65\4987\hotspot\src\share\vm\runtime\sharedRuntime.cpp, line 605]
Event: 2.737 Thread 0x000000001a2a4000 Exception <a 'java/lang/ArrayIndexOutOfBoundsException'> (0x00000000d639a578) thrown at [C:\workspace\8-2-build-windows-amd64-cygwin\jdk8u65\4987\hotspot\src\share\vm\runtime\sharedRuntime.cpp, line 605]
Event: 2.740 Thread 0x000000001a2a4000 Exception <a 'java/lang/ArrayIndexOutOfBoundsException'> (0x00000000d63aa0f8) thrown at [C:\workspace\8-2-build-windows-amd64-cygwin\jdk8u65\4987\hotspot\src\share\vm\runtime\sharedRuntime.cpp, line 605]

Events (10 events):
Event: 2.756 loading class oracle/sql/ORADataFactory
Event: 2.756 loading class oracle/sql/ORADataFactory done
Event: 2.756 loading class oracle/jdbc/internal/ObjectDataFactory
Event: 2.756 loading class oracle/jdbc/internal/ObjectDataFactory done
Event: 2.756 loading class oracle/sql/ORAData
Event: 2.756 loading class oracle/sql/ORAData done
Event: 2.756 loading class oracle/jdbc/internal/ObjectData
Event: 2.756 loading class oracle/jdbc/internal/ObjectData done
Event: 2.756 loading class oracle/sql/TypeDescriptorFactory
Event: 2.756 loading class oracle/sql/TypeDescriptorFactory done


Dynamic libraries:
0x00007ff767c50000 - 0x00007ff767c87000 	C:\Program Files\Java\jdk1.8.0_65\bin\java.exe
0x00007ffa17210000 - 0x00007ffa17424000 	C:\WINDOWS\SYSTEM32\ntdll.dll
0x00007ffa15ec0000 - 0x00007ffa15f83000 	C:\WINDOWS\System32\KERNEL32.DLL
0x00007ffa14b10000 - 0x00007ffa14eac000 	C:\WINDOWS\System32\KERNELBASE.dll
0x00007ffa16d90000 - 0x00007ffa16e3e000 	C:\WINDOWS\System32\ADVAPI32.dll
0x00007ffa16bf0000 - 0x00007ffa16c97000 	C:\WINDOWS\System32\msvcrt.dll
0x00007ffa15460000 - 0x00007ffa15504000 	C:\WINDOWS\System32\sechost.dll
0x00007ffa162e0000 - 0x00007ffa163f5000 	C:\WINDOWS\System32\RPCRT4.dll
0x00007ffa15f90000 - 0x00007ffa1613d000 	C:\WINDOWS\System32\USER32.dll
0x00007ffa14900000 - 0x00007ffa14926000 	C:\WINDOWS\System32\win32u.dll
0x00007ffa16140000 - 0x00007ffa16169000 	C:\WINDOWS\System32\GDI32.dll
0x00007ffa147e0000 - 0x00007ffa148f3000 	C:\WINDOWS\System32\gdi32full.dll
0x00007ffa14650000 - 0x00007ffa146ea000 	C:\WINDOWS\System32\msvcp_win.dll
0x00007ffa14930000 - 0x00007ffa14a41000 	C:\WINDOWS\System32\ucrtbase.dll
0x00007ff9f4fe0000 - 0x00007ff9f526e000 	C:\WINDOWS\WinSxS\amd64_microsoft.windows.common-controls_6595b64144ccf1df_6.0.22621.608_none_a9444ca7c10bb01d\COMCTL32.dll
0x00007ffa162a0000 - 0x00007ffa162d1000 	C:\WINDOWS\System32\IMM32.DLL
0x0000000053dc0000 - 0x0000000053e92000 	C:\Program Files\Java\jdk1.8.0_65\jre\bin\msvcr100.dll
0x0000000053ea0000 - 0x0000000054729000 	C:\Program Files\Java\jdk1.8.0_65\jre\bin\server\jvm.dll
0x00007ffa15cf0000 - 0x00007ffa15cf8000 	C:\WINDOWS\System32\PSAPI.DLL
0x00007ffa0a000000 - 0x00007ffa0a034000 	C:\WINDOWS\SYSTEM32\WINMM.dll
0x00007ff9fdaf0000 - 0x00007ff9fdafa000 	C:\WINDOWS\SYSTEM32\VERSION.dll
0x00007ff9f8e20000 - 0x00007ff9f8e29000 	C:\WINDOWS\SYSTEM32\WSOCK32.dll
0x00007ffa15c50000 - 0x00007ffa15cc1000 	C:\WINDOWS\System32\WS2_32.dll
0x00000000547d0000 - 0x00000000547df000 	C:\Program Files\Java\jdk1.8.0_65\jre\bin\verify.dll
0x0000000053d50000 - 0x0000000053d79000 	C:\Program Files\Java\jdk1.8.0_65\jre\bin\java.dll
0x00000000547b0000 - 0x00000000547c6000 	C:\Program Files\Java\jdk1.8.0_65\jre\bin\zip.dll
0x00007ffa16400000 - 0x00007ffa16bf0000 	C:\WINDOWS\System32\SHELL32.dll
0x00007ffa12670000 - 0x00007ffa12f3e000 	C:\WINDOWS\SYSTEM32\windows.storage.dll
0x00007ffa16e40000 - 0x00007ffa171c9000 	C:\WINDOWS\System32\combase.dll
0x00007ffa12530000 - 0x00007ffa1266e000 	C:\WINDOWS\SYSTEM32\wintypes.dll
0x00007ffa15080000 - 0x00007ffa15171000 	C:\WINDOWS\System32\SHCORE.dll
0x00007ffa15020000 - 0x00007ffa1507e000 	C:\WINDOWS\System32\shlwapi.dll
0x00007ffa14580000 - 0x00007ffa145a1000 	C:\WINDOWS\SYSTEM32\profapi.dll
0x00007ff9fed20000 - 0x00007ff9fee0f000 	C:\Program Files\Java\jdk1.8.0_65\jre\bin\msvcr120.dll
0x00007ff9fec70000 - 0x00007ff9fed16000 	C:\Program Files\Java\jdk1.8.0_65\jre\bin\msvcp120.dll
0x0000000053a20000 - 0x0000000053a43000 	C:\Program Files\Java\jdk1.8.0_65\jre\bin\prism_d3d.dll
0x00007ff9bdd50000 - 0x00007ff9bdef9000 	C:\WINDOWS\system32\d3d9.dll
0x00007ffa0dd90000 - 0x00007ffa0ddbb000 	C:\WINDOWS\SYSTEM32\dwmapi.dll
0x00007ffa11420000 - 0x00007ffa11456000 	C:\WINDOWS\SYSTEM32\dxcore.dll
0x00007ffa0dc00000 - 0x00007ffa0dcab000 	C:\WINDOWS\system32\uxtheme.dll
0x00007ff9bdbe0000 - 0x00007ff9bdd4c000 	C:\Windows\System32\DriverStore\FileRepository\iigd_dch.inf_amd64_5802b1615520e41c\igdumdim64.dll
0x00007ffa15990000 - 0x00007ffa15b2c000 	C:\WINDOWS\System32\ole32.dll
0x00007ff9b9fd0000 - 0x00007ff9bdbd6000 	C:\Windows\System32\DriverStore\FileRepository\iigd_dch.inf_amd64_5802b1615520e41c\igd9dxva64.dll
0x00007ffa161c0000 - 0x00007ffa16297000 	C:\WINDOWS\System32\OLEAUT32.dll
0x00007ffa15510000 - 0x00007ffa15984000 	C:\WINDOWS\System32\SETUPAPI.dll
0x00007ffa14340000 - 0x00007ffa1438e000 	C:\WINDOWS\SYSTEM32\cfgmgr32.dll
0x00007ffa052b0000 - 0x00007ffa05677000 	C:\Windows\System32\DriverStore\FileRepository\iigd_dch.inf_amd64_5802b1615520e41c\igdgmm64.dll
0x00007ffa0a620000 - 0x00007ffa0a669000 	C:\WINDOWS\SYSTEM32\directxdatabasehelper.dll
0x00007ffa13790000 - 0x00007ffa137a8000 	C:\WINDOWS\SYSTEM32\kernel.appcore.dll
0x00000000539d0000 - 0x0000000053a13000 	C:\Program Files\Java\jdk1.8.0_65\jre\bin\glass.dll
0x00007ffa15d00000 - 0x00007ffa15df7000 	C:\WINDOWS\System32\COMDLG32.dll
0x00007ffa15b30000 - 0x00007ffa15c4e000 	C:\WINDOWS\System32\MSCTF.dll
0x00007ffa14760000 - 0x00007ffa147db000 	C:\WINDOWS\System32\bcryptPrimitives.dll
0x00007ff9c1d50000 - 0x00007ff9c1d77000 	C:\Windows\System32\DriverStore\FileRepository\iigd_dch.inf_amd64_5802b1615520e41c\igdinfo64.dll
0x00007ffa01a00000 - 0x00007ffa05011000 	C:\Windows\System32\DriverStore\FileRepository\iigd_dch.inf_amd64_5802b1615520e41c\igc64.dll
0x00000000539b0000 - 0x00000000539c4000 	C:\Program Files\Java\jdk1.8.0_65\jre\bin\javafx_font.dll
0x00007ffa11a50000 - 0x00007ffa11cb7000 	C:\WINDOWS\SYSTEM32\dwrite.dll
0x00007ffa15e10000 - 0x00007ffa15ec0000 	C:\WINDOWS\System32\clbcatq.dll
0x00007ffa0c7c0000 - 0x00007ffa0c970000 	C:\WINDOWS\SYSTEM32\WindowsCodecs.dll
0x00007ff9e99d0000 - 0x00007ff9e9a2e000 	C:\WINDOWS\system32\dataexchange.dll
0x00007ffa07b10000 - 0x00007ffa07d7a000 	C:\WINDOWS\system32\twinapi.appcore.dll
0x00007ff9fdbc0000 - 0x00007ff9fdbf2000 	C:\Program Files\Common Files\Microsoft Shared\Ink\rtscom.dll
0x00007ffa00150000 - 0x00007ffa0027e000 	C:\WINDOWS\SYSTEM32\textinputframework.dll
0x00007ffa0d830000 - 0x00007ffa0d963000 	C:\WINDOWS\SYSTEM32\CoreMessaging.dll
0x00007ffa096d0000 - 0x00007ffa09a3c000 	C:\WINDOWS\SYSTEM32\CoreUIComponents.dll
0x00007ffa13e60000 - 0x00007ffa13e6c000 	C:\WINDOWS\SYSTEM32\CRYPTBASE.DLL
0x00000000535e0000 - 0x00000000535f1000 	C:\Program Files\Java\jdk1.8.0_65\jre\bin\prism_common.dll
0x0000000053ac0000 - 0x0000000053acd000 	C:\Program Files\Java\jdk1.8.0_65\jre\bin\management.dll
0x0000000053d30000 - 0x0000000053d4a000 	C:\Program Files\Java\jdk1.8.0_65\jre\bin\net.dll
0x00007ffa13c00000 - 0x00007ffa13c69000 	C:\WINDOWS\system32\mswsock.dll
0x0000000053d10000 - 0x0000000053d21000 	C:\Program Files\Java\jdk1.8.0_65\jre\bin\nio.dll

VM Arguments:
jvm_args: -Dfile.encoding=UTF-8 
java_command: javase.ss.gui.NochEinVersuch
java_class_path (initial): C:\oraclexe\app\oracle\product\11.2.0\server\jdbc\lib\ojdbc6.jar;C:\Users\CC-Student\Desktop\Meine Datenbank - SQL-Code -Befahle\SS\build\classes
Launcher Type: SUN_STANDARD

Environment Variables:
PATH=C:\oraclexe\app\oracle\product\11.2.0\server\bin;;C:\oraclexe\app\oracle\product\11.2.0\server\bin;C:\Program Files (x86)\Common Files\Oracle\Java\javapath;C:\ProgramData\Oracle\Java\javapath;C:\WINDOWS\system32;C:\WINDOWS;C:\WINDOWS\System32\Wbem;C:\WINDOWS\System32\WindowsPowerShell\v1.0\;C:\WINDOWS\System32\OpenSSH\;C:\Program Files\dotnet\;C:\Program Files\Microsoft SQL Server\150\Tools\Binn\;C:\Program Files\Git\cmd;C:\Program Files\Java\jdk1.8.0_65\bin;C:\WINDOWS\system32;C:\WINDOWS;C:\WINDOWS\System32\Wbem;C:\WINDOWS\System32\WindowsPowerShell\v1.0\;C:\WINDOWS\System32\OpenSSH\;C:\Program Files\IIS\maven\bin;C:\Users\CC-Student\AppData\Local\Microsoft\WindowsApps;C:\Users\CC-Student\AppData\Local\GitHubDesktop\bin;C:\Program Files\JetBrains\IntelliJ IDEA Community Edition 2022.1.3\bin;
USERNAME=CC-Student
OS=Windows_NT
PROCESSOR_IDENTIFIER=Intel64 Family 6 Model 142 Stepping 12, GenuineIntel



---------------  S Y S T E M  ---------------

OS: Windows 10.0 , 64 bit Build 22621 (10.0.22621.1344)

CPU:total 8 (4 cores per cpu, 2 threads per core) family 6 model 142 stepping 12, cmov, cx8, fxsr, mmx, sse, sse2, sse3, ssse3, sse4.1, sse4.2, popcnt, avx, avx2, aes, clmul, erms, 3dnowpref, lzcnt, ht, tsc, tscinvbit, bmi1, bmi2, adx

Memory: 4k page, physical 8215604k(1309096k free), swap 33381428k(5196k free)

vm_info: Java HotSpot(TM) 64-Bit Server VM (25.65-b01) for windows-amd64 JRE (1.8.0_65-b17), built on Oct  6 2015 16:39:20 by "java_re" with MS VC++ 10.0 (VS2010)

time: Tue Apr 04 19:03:30 2023
elapsed time: 2 seconds (0d 0h 0m 2s)

